<?xml version="1.0" encoding="UTF-8"?>
<!-- Generated by org.testng.reporters.JUnitXMLReporter -->
<testsuite ignored="0" hostname="Susmithas-MacBook-Pro.local" failures="0" tests="3" name="Command line test" time="1.336" errors="0" timestamp="2020-03-03T12:19:50 PST">
  <testcase classname="restapi.PostAPITest" name="postAPITest" time="1.017"/>
  <testcase classname="restapi.GetAPITest" name="getAPITestWithHeaders" time="0.151"/>
  <testcase classname="restapi.GetAPITest" name="getAPITestWithoutHeaders" time="0.135"/>
</testsuite> <!-- Command line test -->
