<?xml version="1.0" encoding="UTF-8"?>
<testng-results ignored="0" total="1" passed="1" failed="0" skipped="0">
  <reporter-output>
  </reporter-output>
  <suite started-at="2020-02-13T20:21:18 PST" name="Default suite" finished-at="2020-02-13T20:21:19 PST" duration-ms="1179">
    <groups>
    </groups>
    <test started-at="2020-02-13T20:21:18 PST" name="Default test" finished-at="2020-02-13T20:21:19 PST" duration-ms="1179">
      <class name="restapi.PostAPITest">
        <test-method is-config="true" signature="setUp()[pri:0, instance:restapi.PostAPITest@5762806e]" started-at="2020-02-13T20:21:18 PST" name="setUp" finished-at="2020-02-13T20:21:18 PST" duration-ms="3" status="PASS">
          <reporter-output>
          </reporter-output>
        </test-method> <!-- setUp -->
        <test-method signature="postAPITest()[pri:0, instance:restapi.PostAPITest@5762806e]" started-at="2020-02-13T20:21:18 PST" name="postAPITest" finished-at="2020-02-13T20:21:19 PST" duration-ms="1148" status="PASS">
          <reporter-output>
          </reporter-output>
        </test-method> <!-- postAPITest -->
      </class> <!-- restapi.PostAPITest -->
    </test> <!-- Default test -->
  </suite> <!-- Default suite -->
</testng-results>
